<?xml version="1.0" encoding="UTF-8"?>
<testng-results ignored="0" total="1" passed="1" failed="0" skipped="0">
  <reporter-output>
  </reporter-output>
  <suite started-at="2024-05-02T11:31:52 IST" name="Surefire suite" finished-at="2024-05-02T11:33:17 IST" duration-ms="84374">
    <groups>
    </groups>
    <test started-at="2024-05-02T11:31:52 IST" name="Surefire test" finished-at="2024-05-02T11:33:17 IST" duration-ms="84374">
      <class name="com.example.AppTest">
        <test-method signature="sample()[pri:0, instance:com.example.AppTest@55040f2f]" started-at="2024-05-02T11:31:53 IST" name="sample" finished-at="2024-05-02T11:33:17 IST" duration-ms="84281" status="PASS">
          <reporter-output>
          </reporter-output>
        </test-method> <!-- sample -->
      </class> <!-- com.example.AppTest -->
    </test> <!-- Surefire test -->
  </suite> <!-- Surefire suite -->
</testng-results>
